{"/Users/dheeraj/Desktop/Restaurant-Management-System-Frontend/src/services/api.js": {"path":"/Users/dheeraj/Desktop/Restaurant-Management-System-Frontend/src/services/api.js","statementMap":{"0":{"start":{"line":3,"column":22},"end":{"line":8,"column":2}}},"fnMap":{},"branchMap":{},"s":{"0":4},"f":{},"b":{},"meta":{"lastBranch":0,"lastFunction":0,"lastStatement":1,"seen":{"s:3:22:8:2":0}}}
,"/Users/dheeraj/Desktop/Restaurant-Management-System-Frontend/src/services/authService.js": {"path":"/Users/dheeraj/Desktop/Restaurant-Management-System-Frontend/src/services/authService.js","statementMap":{"0":{"start":{"line":4,"column":24},"end":{"line":38,"column":1}},"1":{"start":{"line":5,"column":4},"end":{"line":37,"column":null}},"2":{"start":{"line":6,"column":8},"end":{"line":8,"column":null}},"3":{"start":{"line":7,"column":12},"end":{"line":7,"column":null}},"4":{"start":{"line":10,"column":8},"end":{"line":12,"column":null}},"5":{"start":{"line":11,"column":12},"end":{"line":11,"column":null}},"6":{"start":{"line":14,"column":8},"end":{"line":16,"column":null}},"7":{"start":{"line":15,"column":12},"end":{"line":15,"column":null}},"8":{"start":{"line":18,"column":23},"end":{"line":23,"column":null}},"9":{"start":{"line":25,"column":8},"end":{"line":27,"column":null}},"10":{"start":{"line":26,"column":12},"end":{"line":26,"column":null}},"11":{"start":{"line":29,"column":8},"end":{"line":32,"column":null}},"12":{"start":{"line":34,"column":8},"end":{"line":34,"column":null}},"13":{"start":{"line":36,"column":8},"end":{"line":36,"column":null}},"14":{"start":{"line":41,"column":21},"end":{"line":73,"column":1}},"15":{"start":{"line":42,"column":4},"end":{"line":72,"column":null}},"16":{"start":{"line":43,"column":8},"end":{"line":45,"column":null}},"17":{"start":{"line":44,"column":12},"end":{"line":44,"column":null}},"18":{"start":{"line":47,"column":8},"end":{"line":49,"column":null}},"19":{"start":{"line":48,"column":12},"end":{"line":48,"column":null}},"20":{"start":{"line":51,"column":25},"end":{"line":57,"column":10}},"21":{"start":{"line":59,"column":8},"end":{"line":69,"column":null}},"22":{"start":{"line":60,"column":25},"end":{"line":60,"column":41}},"23":{"start":{"line":61,"column":54},"end":{"line":61,"column":58}},"24":{"start":{"line":63,"column":12},"end":{"line":66,"column":null}},"25":{"start":{"line":68,"column":12},"end":{"line":68,"column":null}},"26":{"start":{"line":71,"column":8},"end":{"line":71,"column":null}}},"fnMap":{"0":{"name":"(anonymous_0)","decl":{"start":{"line":4,"column":24},"end":{"line":4,"column":29}},"loc":{"start":{"line":4,"column":44},"end":{"line":38,"column":1}},"line":4},"1":{"name":"(anonymous_1)","decl":{"start":{"line":41,"column":21},"end":{"line":41,"column":26}},"loc":{"start":{"line":41,"column":44},"end":{"line":73,"column":1}},"line":41}},"branchMap":{"0":{"loc":{"start":{"line":6,"column":8},"end":{"line":8,"column":null}},"type":"if","locations":[{"start":{"line":6,"column":8},"end":{"line":8,"column":null}},{"start":{},"end":{}}],"line":6},"1":{"loc":{"start":{"line":6,"column":12},"end":{"line":6,"column":68}},"type":"binary-expr","locations":[{"start":{"line":6,"column":12},"end":{"line":6,"column":27}},{"start":{"line":6,"column":31},"end":{"line":6,"column":49}},{"start":{"line":6,"column":53},"end":{"line":6,"column":68}}],"line":6},"2":{"loc":{"start":{"line":10,"column":8},"end":{"line":12,"column":null}},"type":"if","locations":[{"start":{"line":10,"column":8},"end":{"line":12,"column":null}},{"start":{},"end":{}}],"line":10},"3":{"loc":{"start":{"line":14,"column":8},"end":{"line":16,"column":null}},"type":"if","locations":[{"start":{"line":14,"column":8},"end":{"line":16,"column":null}},{"start":{},"end":{}}],"line":14},"4":{"loc":{"start":{"line":25,"column":8},"end":{"line":27,"column":null}},"type":"if","locations":[{"start":{"line":25,"column":8},"end":{"line":27,"column":null}},{"start":{},"end":{}}],"line":25},"5":{"loc":{"start":{"line":43,"column":8},"end":{"line":45,"column":null}},"type":"if","locations":[{"start":{"line":43,"column":8},"end":{"line":45,"column":null}},{"start":{},"end":{}}],"line":43},"6":{"loc":{"start":{"line":43,"column":12},"end":{"line":43,"column":76}},"type":"binary-expr","locations":[{"start":{"line":43,"column":12},"end":{"line":43,"column":30}},{"start":{"line":43,"column":34},"end":{"line":43,"column":55}},{"start":{"line":43,"column":59},"end":{"line":43,"column":76}}],"line":43},"7":{"loc":{"start":{"line":47,"column":8},"end":{"line":49,"column":null}},"type":"if","locations":[{"start":{"line":47,"column":8},"end":{"line":49,"column":null}},{"start":{},"end":{}}],"line":47},"8":{"loc":{"start":{"line":59,"column":8},"end":{"line":69,"column":null}},"type":"if","locations":[{"start":{"line":59,"column":8},"end":{"line":69,"column":null}},{"start":{"line":67,"column":15},"end":{"line":69,"column":null}}],"line":59},"9":{"loc":{"start":{"line":59,"column":12},"end":{"line":59,"column":53}},"type":"binary-expr","locations":[{"start":{"line":59,"column":12},"end":{"line":59,"column":25}},{"start":{"line":59,"column":29},"end":{"line":59,"column":53}}],"line":59}},"s":{"0":3,"1":9,"2":9,"3":2,"4":7,"5":2,"6":5,"7":2,"8":3,"9":3,"10":1,"11":2,"12":1,"13":8,"14":3,"15":3,"16":3,"17":1,"18":2,"19":0,"20":2,"21":2,"22":1,"23":1,"24":1,"25":1,"26":2},"f":{"0":9,"1":3},"b":{"0":[2,7],"1":[9,7,7],"2":[2,5],"3":[2,3],"4":[1,2],"5":[1,2],"6":[3,2,2],"7":[0,2],"8":[1,1],"9":[2,2]},"meta":{"lastBranch":10,"lastFunction":2,"lastStatement":27,"seen":{"s:4:24:38:1":0,"f:4:24:4:29":0,"s:5:4:37:Infinity":1,"b:6:8:8:Infinity:undefined:undefined:undefined:undefined":0,"s:6:8:8:Infinity":2,"b:6:12:6:27:6:31:6:49:6:53:6:68":1,"s:7:12:7:Infinity":3,"b:10:8:12:Infinity:undefined:undefined:undefined:undefined":2,"s:10:8:12:Infinity":4,"s:11:12:11:Infinity":5,"b:14:8:16:Infinity:undefined:undefined:undefined:undefined":3,"s:14:8:16:Infinity":6,"s:15:12:15:Infinity":7,"s:18:23:23:Infinity":8,"b:25:8:27:Infinity:undefined:undefined:undefined:undefined":4,"s:25:8:27:Infinity":9,"s:26:12:26:Infinity":10,"s:29:8:32:Infinity":11,"s:34:8:34:Infinity":12,"s:36:8:36:Infinity":13,"s:41:21:73:1":14,"f:41:21:41:26":1,"s:42:4:72:Infinity":15,"b:43:8:45:Infinity:undefined:undefined:undefined:undefined":5,"s:43:8:45:Infinity":16,"b:43:12:43:30:43:34:43:55:43:59:43:76":6,"s:44:12:44:Infinity":17,"b:47:8:49:Infinity:undefined:undefined:undefined:undefined":7,"s:47:8:49:Infinity":18,"s:48:12:48:Infinity":19,"s:51:25:57:10":20,"b:59:8:69:Infinity:67:15:69:Infinity":8,"s:59:8:69:Infinity":21,"b:59:12:59:25:59:29:59:53":9,"s:60:25:60:41":22,"s:61:54:61:58":23,"s:63:12:66:Infinity":24,"s:68:12:68:Infinity":25,"s:71:8:71:Infinity":26}}}
,"/Users/dheeraj/Desktop/Restaurant-Management-System-Frontend/src/services/orderService.js": {"path":"/Users/dheeraj/Desktop/Restaurant-Management-System-Frontend/src/services/orderService.js","statementMap":{"0":{"start":{"line":3,"column":28},"end":{"line":11,"column":1}},"1":{"start":{"line":4,"column":2},"end":{"line":10,"column":null}},"2":{"start":{"line":5,"column":21},"end":{"line":5,"column":45}},"3":{"start":{"line":6,"column":4},"end":{"line":6,"column":null}},"4":{"start":{"line":8,"column":4},"end":{"line":8,"column":null}},"5":{"start":{"line":9,"column":4},"end":{"line":9,"column":null}},"6":{"start":{"line":13,"column":35},"end":{"line":23,"column":1}},"7":{"start":{"line":14,"column":2},"end":{"line":22,"column":null}},"8":{"start":{"line":15,"column":21},"end":{"line":17,"column":6}},"9":{"start":{"line":18,"column":4},"end":{"line":18,"column":null}},"10":{"start":{"line":18,"column":43},"end":{"line":18,"column":67}},"11":{"start":{"line":20,"column":4},"end":{"line":20,"column":null}},"12":{"start":{"line":21,"column":4},"end":{"line":21,"column":null}},"13":{"start":{"line":25,"column":33},"end":{"line":33,"column":1}},"14":{"start":{"line":26,"column":2},"end":{"line":32,"column":null}},"15":{"start":{"line":27,"column":21},"end":{"line":27,"column":65}},"16":{"start":{"line":28,"column":4},"end":{"line":28,"column":null}},"17":{"start":{"line":30,"column":4},"end":{"line":30,"column":null}},"18":{"start":{"line":31,"column":4},"end":{"line":31,"column":null}},"19":{"start":{"line":35,"column":27},"end":{"line":50,"column":null}},"20":{"start":{"line":36,"column":4},"end":{"line":38,"column":null}},"21":{"start":{"line":37,"column":4},"end":{"line":37,"column":null}},"22":{"start":{"line":40,"column":3},"end":{"line":49,"column":null}},"23":{"start":{"line":41,"column":21},"end":{"line":44,"column":null}},"24":{"start":{"line":46,"column":4},"end":{"line":46,"column":null}},"25":{"start":{"line":48,"column":4},"end":{"line":48,"column":null}}},"fnMap":{"0":{"name":"(anonymous_0)","decl":{"start":{"line":3,"column":28},"end":{"line":3,"column":33}},"loc":{"start":{"line":3,"column":40},"end":{"line":11,"column":1}},"line":3},"1":{"name":"(anonymous_1)","decl":{"start":{"line":13,"column":35},"end":{"line":13,"column":40}},"loc":{"start":{"line":13,"column":55},"end":{"line":23,"column":1}},"line":13},"2":{"name":"(anonymous_2)","decl":{"start":{"line":18,"column":32},"end":{"line":18,"column":33}},"loc":{"start":{"line":18,"column":43},"end":{"line":18,"column":67}},"line":18},"3":{"name":"(anonymous_3)","decl":{"start":{"line":25,"column":33},"end":{"line":25,"column":38}},"loc":{"start":{"line":25,"column":55},"end":{"line":33,"column":1}},"line":25},"4":{"name":"(anonymous_4)","decl":{"start":{"line":35,"column":27},"end":{"line":35,"column":32}},"loc":{"start":{"line":35,"column":41},"end":{"line":50,"column":null}},"line":35}},"branchMap":{"0":{"loc":{"start":{"line":36,"column":4},"end":{"line":38,"column":null}},"type":"if","locations":[{"start":{"line":36,"column":4},"end":{"line":38,"column":null}},{"start":{},"end":{}}],"line":36},"1":{"loc":{"start":{"line":36,"column":8},"end":{"line":36,"column":65}},"type":"binary-expr","locations":[{"start":{"line":36,"column":8},"end":{"line":36,"column":22}},{"start":{"line":36,"column":26},"end":{"line":36,"column":41}},{"start":{"line":36,"column":45},"end":{"line":36,"column":65}}],"line":36}},"s":{"0":1,"1":0,"2":0,"3":0,"4":0,"5":0,"6":1,"7":0,"8":0,"9":0,"10":0,"11":0,"12":0,"13":1,"14":0,"15":0,"16":0,"17":0,"18":0,"19":1,"20":0,"21":0,"22":0,"23":0,"24":0,"25":0},"f":{"0":0,"1":0,"2":0,"3":0,"4":0},"b":{"0":[0,0],"1":[0,0,0]},"meta":{"lastBranch":2,"lastFunction":5,"lastStatement":26,"seen":{"s:3:28:11:1":0,"f:3:28:3:33":0,"s:4:2:10:Infinity":1,"s:5:21:5:45":2,"s:6:4:6:Infinity":3,"s:8:4:8:Infinity":4,"s:9:4:9:Infinity":5,"s:13:35:23:1":6,"f:13:35:13:40":1,"s:14:2:22:Infinity":7,"s:15:21:17:6":8,"s:18:4:18:Infinity":9,"f:18:32:18:33":2,"s:18:43:18:67":10,"s:20:4:20:Infinity":11,"s:21:4:21:Infinity":12,"s:25:33:33:1":13,"f:25:33:25:38":3,"s:26:2:32:Infinity":14,"s:27:21:27:65":15,"s:28:4:28:Infinity":16,"s:30:4:30:Infinity":17,"s:31:4:31:Infinity":18,"s:35:27:50:Infinity":19,"f:35:27:35:32":4,"b:36:4:38:Infinity:undefined:undefined:undefined:undefined":0,"s:36:4:38:Infinity":20,"b:36:8:36:22:36:26:36:41:36:45:36:65":1,"s:37:4:37:Infinity":21,"s:40:3:49:Infinity":22,"s:41:21:44:Infinity":23,"s:46:4:46:Infinity":24,"s:48:4:48:Infinity":25}}}
,"/Users/dheeraj/Desktop/Restaurant-Management-System-Frontend/src/store/index.js": {"path":"/Users/dheeraj/Desktop/Restaurant-Management-System-Frontend/src/store/index.js","statementMap":{"0":{"start":{"line":4,"column":13},"end":{"line":8,"column":2}}},"fnMap":{},"branchMap":{},"s":{"0":1},"f":{},"b":{},"meta":{"lastBranch":0,"lastFunction":0,"lastStatement":1,"seen":{"s:4:13:8:2":0}}}
,"/Users/dheeraj/Desktop/Restaurant-Management-System-Frontend/src/store/modules/auth.js": {"path":"/Users/dheeraj/Desktop/Restaurant-Management-System-Frontend/src/store/modules/auth.js","statementMap":{"0":{"start":{"line":1,"column":14},"end":{"line":5,"column":1}},"1":{"start":{"line":7,"column":16},"end":{"line":13,"column":1}},"2":{"start":{"line":8,"column":26},"end":{"line":8,"column":36}},"3":{"start":{"line":9,"column":30},"end":{"line":9,"column":51}},"4":{"start":{"line":10,"column":23},"end":{"line":10,"column":47}},"5":{"start":{"line":11,"column":21},"end":{"line":11,"column":43}},"6":{"start":{"line":12,"column":20},"end":{"line":12,"column":31}},"7":{"start":{"line":15,"column":18},"end":{"line":45,"column":1}},"8":{"start":{"line":17,"column":4},"end":{"line":17,"column":null}},"9":{"start":{"line":18,"column":4},"end":{"line":18,"column":null}},"10":{"start":{"line":21,"column":4},"end":{"line":21,"column":null}},"11":{"start":{"line":24,"column":4},"end":{"line":24,"column":null}},"12":{"start":{"line":25,"column":4},"end":{"line":25,"column":null}},"13":{"start":{"line":26,"column":4},"end":{"line":26,"column":null}},"14":{"start":{"line":29,"column":17},"end":{"line":29,"column":45}},"15":{"start":{"line":30,"column":18},"end":{"line":30,"column":47}},"16":{"start":{"line":32,"column":4},"end":{"line":43,"column":null}},"17":{"start":{"line":33,"column":6},"end":{"line":42,"column":null}},"18":{"start":{"line":34,"column":8},"end":{"line":34,"column":null}},"19":{"start":{"line":35,"column":8},"end":{"line":35,"column":null}},"20":{"start":{"line":36,"column":8},"end":{"line":36,"column":null}},"21":{"start":{"line":38,"column":8},"end":{"line":38,"column":null}},"22":{"start":{"line":39,"column":8},"end":{"line":39,"column":null}},"23":{"start":{"line":40,"column":8},"end":{"line":40,"column":null}},"24":{"start":{"line":41,"column":8},"end":{"line":41,"column":null}},"25":{"start":{"line":47,"column":16},"end":{"line":72,"column":1}},"26":{"start":{"line":49,"column":4},"end":{"line":49,"column":null}},"27":{"start":{"line":50,"column":4},"end":{"line":50,"column":null}},"28":{"start":{"line":52,"column":4},"end":{"line":52,"column":null}},"29":{"start":{"line":53,"column":4},"end":{"line":53,"column":null}},"30":{"start":{"line":57,"column":4},"end":{"line":57,"column":null}},"31":{"start":{"line":59,"column":4},"end":{"line":59,"column":null}},"32":{"start":{"line":60,"column":4},"end":{"line":60,"column":null}},"33":{"start":{"line":64,"column":4},"end":{"line":64,"column":null}},"34":{"start":{"line":68,"column":24},"end":{"line":68,"column":54}},"35":{"start":{"line":69,"column":4},"end":{"line":69,"column":null}},"36":{"start":{"line":70,"column":4},"end":{"line":70,"column":null}}},"fnMap":{"0":{"name":"(anonymous_0)","decl":{"start":{"line":8,"column":15},"end":{"line":8,"column":16}},"loc":{"start":{"line":8,"column":26},"end":{"line":8,"column":36}},"line":8},"1":{"name":"(anonymous_1)","decl":{"start":{"line":9,"column":19},"end":{"line":9,"column":20}},"loc":{"start":{"line":9,"column":30},"end":{"line":9,"column":51}},"line":9},"2":{"name":"(anonymous_2)","decl":{"start":{"line":10,"column":12},"end":{"line":10,"column":13}},"loc":{"start":{"line":10,"column":23},"end":{"line":10,"column":47}},"line":10},"3":{"name":"(anonymous_3)","decl":{"start":{"line":11,"column":10},"end":{"line":11,"column":11}},"loc":{"start":{"line":11,"column":21},"end":{"line":11,"column":43}},"line":11},"4":{"name":"(anonymous_4)","decl":{"start":{"line":12,"column":9},"end":{"line":12,"column":10}},"loc":{"start":{"line":12,"column":20},"end":{"line":12,"column":31}},"line":12},"5":{"name":"(anonymous_5)","decl":{"start":{"line":16,"column":2},"end":{"line":16,"column":10}},"loc":{"start":{"line":16,"column":24},"end":{"line":19,"column":3}},"line":16},"6":{"name":"(anonymous_6)","decl":{"start":{"line":20,"column":2},"end":{"line":20,"column":11}},"loc":{"start":{"line":20,"column":26},"end":{"line":22,"column":3}},"line":20},"7":{"name":"(anonymous_7)","decl":{"start":{"line":23,"column":2},"end":{"line":23,"column":12}},"loc":{"start":{"line":23,"column":20},"end":{"line":27,"column":3}},"line":23},"8":{"name":"(anonymous_8)","decl":{"start":{"line":28,"column":2},"end":{"line":28,"column":17}},"loc":{"start":{"line":28,"column":25},"end":{"line":44,"column":3}},"line":28},"9":{"name":"(anonymous_9)","decl":{"start":{"line":48,"column":2},"end":{"line":48,"column":7}},"loc":{"start":{"line":48,"column":37},"end":{"line":54,"column":3}},"line":48},"10":{"name":"(anonymous_10)","decl":{"start":{"line":56,"column":2},"end":{"line":56,"column":8}},"loc":{"start":{"line":56,"column":21},"end":{"line":61,"column":3}},"line":56},"11":{"name":"(anonymous_11)","decl":{"start":{"line":63,"column":2},"end":{"line":63,"column":16}},"loc":{"start":{"line":63,"column":29},"end":{"line":65,"column":3}},"line":63},"12":{"name":"(anonymous_12)","decl":{"start":{"line":67,"column":2},"end":{"line":67,"column":12}},"loc":{"start":{"line":67,"column":42},"end":{"line":71,"column":3}},"line":67}},"branchMap":{"0":{"loc":{"start":{"line":10,"column":23},"end":{"line":10,"column":47}},"type":"binary-expr","locations":[{"start":{"line":10,"column":23},"end":{"line":10,"column":39}},{"start":{"line":10,"column":43},"end":{"line":10,"column":47}}],"line":10},"1":{"loc":{"start":{"line":11,"column":21},"end":{"line":11,"column":43}},"type":"binary-expr","locations":[{"start":{"line":11,"column":21},"end":{"line":11,"column":35}},{"start":{"line":11,"column":39},"end":{"line":11,"column":43}}],"line":11},"2":{"loc":{"start":{"line":32,"column":4},"end":{"line":43,"column":null}},"type":"if","locations":[{"start":{"line":32,"column":4},"end":{"line":43,"column":null}},{"start":{},"end":{}}],"line":32},"3":{"loc":{"start":{"line":32,"column":8},"end":{"line":32,"column":21}},"type":"binary-expr","locations":[{"start":{"line":32,"column":8},"end":{"line":32,"column":12}},{"start":{"line":32,"column":16},"end":{"line":32,"column":21}}],"line":32}},"s":{"0":1,"1":1,"2":0,"3":0,"4":0,"5":0,"6":0,"7":1,"8":1,"9":1,"10":1,"11":0,"12":0,"13":0,"14":0,"15":0,"16":0,"17":0,"18":0,"19":0,"20":0,"21":0,"22":0,"23":0,"24":0,"25":1,"26":1,"27":1,"28":1,"29":1,"30":0,"31":0,"32":0,"33":0,"34":0,"35":0,"36":0},"f":{"0":0,"1":0,"2":0,"3":0,"4":0,"5":1,"6":1,"7":0,"8":0,"9":1,"10":0,"11":0,"12":0},"b":{"0":[0,0],"1":[0,0],"2":[0,0],"3":[0,0]},"meta":{"lastBranch":4,"lastFunction":13,"lastStatement":37,"seen":{"s:1:14:5:1":0,"s:7:16:13:1":1,"f:8:15:8:16":0,"s:8:26:8:36":2,"f:9:19:9:20":1,"s:9:30:9:51":3,"f:10:12:10:13":2,"s:10:23:10:47":4,"b:10:23:10:39:10:43:10:47":0,"f:11:10:11:11":3,"s:11:21:11:43":5,"b:11:21:11:35:11:39:11:43":1,"f:12:9:12:10":4,"s:12:20:12:31":6,"s:15:18:45:1":7,"f:16:2:16:10":5,"s:17:4:17:Infinity":8,"s:18:4:18:Infinity":9,"f:20:2:20:11":6,"s:21:4:21:Infinity":10,"f:23:2:23:12":7,"s:24:4:24:Infinity":11,"s:25:4:25:Infinity":12,"s:26:4:26:Infinity":13,"f:28:2:28:17":8,"s:29:17:29:45":14,"s:30:18:30:47":15,"b:32:4:43:Infinity:undefined:undefined:undefined:undefined":2,"s:32:4:43:Infinity":16,"b:32:8:32:12:32:16:32:21":3,"s:33:6:42:Infinity":17,"s:34:8:34:Infinity":18,"s:35:8:35:Infinity":19,"s:36:8:36:Infinity":20,"s:38:8:38:Infinity":21,"s:39:8:39:Infinity":22,"s:40:8:40:Infinity":23,"s:41:8:41:Infinity":24,"s:47:16:72:1":25,"f:48:2:48:7":9,"s:49:4:49:Infinity":26,"s:50:4:50:Infinity":27,"s:52:4:52:Infinity":28,"s:53:4:53:Infinity":29,"f:56:2:56:8":10,"s:57:4:57:Infinity":30,"s:59:4:59:Infinity":31,"s:60:4:60:Infinity":32,"f:63:2:63:16":11,"s:64:4:64:Infinity":33,"f:67:2:67:12":12,"s:68:24:68:54":34,"s:69:4:69:Infinity":35,"s:70:4:70:Infinity":36}}}
,"/Users/dheeraj/Desktop/Restaurant-Management-System-Frontend/src/utils/validator.js": {"path":"/Users/dheeraj/Desktop/Restaurant-Management-System-Frontend/src/utils/validator.js","statementMap":{"0":{"start":{"line":2,"column":18},"end":{"line":2,"column":49}},"1":{"start":{"line":3,"column":4},"end":{"line":3,"column":null}},"2":{"start":{"line":7,"column":4},"end":{"line":7,"column":null}}},"fnMap":{"0":{"name":"isValidEmail","decl":{"start":{"line":1,"column":16},"end":{"line":1,"column":28}},"loc":{"start":{"line":1,"column":36},"end":{"line":4,"column":null}},"line":1},"1":{"name":"isValidPhoneNumber","decl":{"start":{"line":6,"column":16},"end":{"line":6,"column":34}},"loc":{"start":{"line":6,"column":42},"end":{"line":8,"column":null}},"line":6}},"branchMap":{},"s":{"0":9,"1":9,"2":5},"f":{"0":9,"1":5},"b":{},"meta":{"lastBranch":0,"lastFunction":2,"lastStatement":3,"seen":{"f:1:16:1:28":0,"s:2:18:2:49":0,"s:3:4:3:Infinity":1,"f:6:16:6:34":1,"s:7:4:7:Infinity":2}}}
,"/Users/dheeraj/Desktop/Restaurant-Management-System-Frontend/src/views/auth/Login.vue": {"path":"/Users/dheeraj/Desktop/Restaurant-Management-System-Frontend/src/views/auth/Login.vue","statementMap":{"0":{"start":{"line":7,"column":14},"end":{"line":7,"column":26}},"1":{"start":{"line":8,"column":13},"end":{"line":8,"column":24}},"2":{"start":{"line":10,"column":16},"end":{"line":14,"column":2}},"3":{"start":{"line":16,"column":17},"end":{"line":16,"column":28}},"4":{"start":{"line":17,"column":20},"end":{"line":17,"column":28}},"5":{"start":{"line":18,"column":22},"end":{"line":18,"column":30}},"6":{"start":{"line":20,"column":20},"end":{"line":44,"column":1}},"7":{"start":{"line":21,"column":2},"end":{"line":21,"column":null}},"8":{"start":{"line":22,"column":2},"end":{"line":22,"column":null}},"9":{"start":{"line":23,"column":2},"end":{"line":23,"column":null}},"10":{"start":{"line":25,"column":2},"end":{"line":43,"column":null}},"11":{"start":{"line":26,"column":21},"end":{"line":26,"column":48}},"12":{"start":{"line":28,"column":4},"end":{"line":31,"column":null}},"13":{"start":{"line":33,"column":4},"end":{"line":33,"column":null}},"14":{"start":{"line":35,"column":4},"end":{"line":37,"column":null}},"15":{"start":{"line":36,"column":6},"end":{"line":36,"column":null}},"16":{"start":{"line":39,"column":4},"end":{"line":39,"column":null}},"17":{"start":{"line":40,"column":4},"end":{"line":40,"column":null}},"18":{"start":{"line":42,"column":4},"end":{"line":42,"column":null}},"19":{"start":{"line":48,"column":7},"end":{"line":48,"column":null}},"20":{"start":{"line":49,"column":9},"end":{"line":49,"column":null}},"21":{"start":{"line":88,"column":13},"end":{"line":88,"column":45}},"22":{"start":{"line":95,"column":13},"end":{"line":95,"column":47}},"23":{"start":{"line":105,"column":9},"end":{"line":105,"column":34}},"24":{"start":{"line":48,"column":2},"end":{"line":109,"column":22}},"25":{"start":{"line":57,"column":21},"end":{"line":57,"column":null}},"26":{"start":{"line":65,"column":27},"end":{"line":65,"column":42}},"27":{"start":{"line":78,"column":21},"end":{"line":78,"column":null}},"28":{"start":{"line":109,"column":8},"end":{"line":109,"column":22}}},"fnMap":{"0":{"name":"(anonymous_0)","decl":{"start":{"line":20,"column":20},"end":{"line":20,"column":25}},"loc":{"start":{"line":20,"column":32},"end":{"line":44,"column":1}},"line":20},"1":{"name":"(anonymous_1)","decl":{"start":{"line":35,"column":15},"end":{"line":35,"column":16}},"loc":{"start":{"line":35,"column":21},"end":{"line":37,"column":5}},"line":35},"2":{"name":"(anonymous_2)","decl":{"start":{"line":57,"column":21},"end":{"line":57,"column":29}},"loc":{"start":{"line":57,"column":21},"end":{"line":57,"column":null}},"line":57},"3":{"name":"(anonymous_3)","decl":{"start":{"line":65,"column":27},"end":{"line":65,"column":35}},"loc":{"start":{"line":65,"column":27},"end":{"line":65,"column":42}},"line":65},"4":{"name":"(anonymous_4)","decl":{"start":{"line":78,"column":21},"end":{"line":78,"column":29}},"loc":{"start":{"line":78,"column":21},"end":{"line":78,"column":null}},"line":78},"5":{"name":"(anonymous_5)","decl":{"start":{"line":107,"column":68},"end":{"line":107,"column":null}},"loc":{"start":{"line":109,"column":8},"end":{"line":109,"column":22}},"line":109}},"branchMap":{"0":{"loc":{"start":{"line":40,"column":25},"end":{"line":40,"column":76}},"type":"binary-expr","locations":[{"start":{"line":40,"column":25},"end":{"line":40,"column":39}},{"start":{"line":40,"column":43},"end":{"line":40,"column":76}}],"line":40},"1":{"loc":{"start":{"line":50,"column":6},"end":{"line":50,"column":69}},"type":"binary-expr","locations":[{"start":{"line":50,"column":6},"end":{"line":50,"column":10}},{"start":{"line":50,"column":6},"end":{"line":50,"column":69}}],"line":50},"2":{"loc":{"start":{"line":54,"column":10},"end":{"line":54,"column":44}},"type":"binary-expr","locations":[{"start":{"line":54,"column":10},"end":{"line":54,"column":17}},{"start":{"line":54,"column":10},"end":{"line":54,"column":44}}],"line":54},"3":{"loc":{"start":{"line":57,"column":21},"end":{"line":57,"column":null}},"type":"binary-expr","locations":[{"start":{"line":57,"column":21},"end":{"line":57,"column":29}},{"start":{"line":57,"column":21},"end":{"line":57,"column":null}}],"line":57},"4":{"loc":{"start":{"line":64,"column":10},"end":{"line":64,"column":43}},"type":"binary-expr","locations":[{"start":{"line":64,"column":10},"end":{"line":64,"column":17}},{"start":{"line":64,"column":10},"end":{"line":64,"column":43}}],"line":64},"5":{"loc":{"start":{"line":65,"column":27},"end":{"line":65,"column":42}},"type":"binary-expr","locations":[{"start":{"line":65,"column":27},"end":{"line":65,"column":35}},{"start":{"line":65,"column":27},"end":{"line":65,"column":42}}],"line":65},"6":{"loc":{"start":{"line":75,"column":10},"end":{"line":75,"column":47}},"type":"binary-expr","locations":[{"start":{"line":75,"column":10},"end":{"line":75,"column":17}},{"start":{"line":75,"column":10},"end":{"line":75,"column":47}}],"line":75},"7":{"loc":{"start":{"line":78,"column":21},"end":{"line":78,"column":null}},"type":"binary-expr","locations":[{"start":{"line":78,"column":21},"end":{"line":78,"column":29}},{"start":{"line":78,"column":21},"end":{"line":78,"column":null}}],"line":78},"8":{"loc":{"start":{"line":85,"column":16},"end":{"line":88,"column":64}},"type":"cond-expr","locations":[{"start":{"line":84,"column":8},"end":{"line":88,"column":64}}],"line":85},"9":{"loc":{"start":{"line":92,"column":16},"end":{"line":95,"column":68}},"type":"cond-expr","locations":[{"start":{"line":91,"column":8},"end":{"line":95,"column":68}}],"line":92},"10":{"loc":{"start":{"line":102,"column":13},"end":{"line":102,"column":null}},"type":"cond-expr","locations":[{"start":{"line":102,"column":22},"end":{"line":102,"column":null}},{"start":{"line":102,"column":22},"end":{"line":102,"column":null}}],"line":102},"11":{"loc":{"start":{"line":105,"column":34},"end":{"line":107,"column":21}},"type":"binary-expr","locations":[{"start":{"line":105,"column":34},"end":{"line":105,"column":null}},{"start":{"line":105,"column":34},"end":{"line":107,"column":21}}],"line":105},"12":{"loc":{"start":{"line":109,"column":8},"end":{"line":109,"column":22}},"type":"binary-expr","locations":[{"start":{"line":109,"column":8},"end":{"line":109,"column":22}},{"start":{"line":109,"column":8},"end":{"line":109,"column":22}}],"line":109}},"s":{"0":3,"1":3,"2":3,"3":3,"4":3,"5":3,"6":3,"7":3,"8":3,"9":3,"10":3,"11":3,"12":1,"13":1,"14":1,"15":0,"16":2,"17":2,"18":3,"19":1,"20":1,"21":1,"22":1,"23":1,"24":15,"25":2,"26":2,"27":2,"28":3},"f":{"0":3,"1":0,"2":2,"3":2,"4":2,"5":3},"b":{"0":[2,0],"1":[15,3],"2":[15,3],"3":[15,3],"4":[15,3],"5":[15,3],"6":[15,3],"7":[15,3],"8":[2],"9":[1],"10":[3,12],"11":[15,3],"12":[3,3]},"meta":{"lastBranch":13,"lastFunction":6,"lastStatement":29,"seen":{"s:7:14:7:26":0,"s:8:13:8:24":1,"s:10:16:14:2":2,"s:16:17:16:28":3,"s:17:20:17:28":4,"s:18:22:18:30":5,"s:20:20:44:1":6,"f:20:20:20:25":0,"s:21:2:21:Infinity":7,"s:22:2:22:Infinity":8,"s:23:2:23:Infinity":9,"s:25:2:43:Infinity":10,"s:26:21:26:48":11,"s:28:4:31:Infinity":12,"s:33:4:33:Infinity":13,"s:35:4:37:Infinity":14,"f:35:15:35:16":1,"s:36:6:36:Infinity":15,"s:39:4:39:Infinity":16,"s:40:4:40:Infinity":17,"b:40:25:40:39:40:43:40:76":0,"s:42:4:42:Infinity":18,"s:48:7:48:Infinity":19,"s:49:9:49:Infinity":20,"s:88:13:88:45":21,"s:95:13:95:47":22,"s:105:9:105:34":23,"s:48:2:109:22":24,"b:50:6:50:10:50:6:50:69":1,"b:54:10:54:17:54:10:54:44":2,"b:57:21:57:29:57:21:57:Infinity":3,"f:57:21:57:29":2,"s:57:21:57:Infinity":25,"b:64:10:64:17:64:10:64:43":4,"b:65:27:65:35:65:27:65:42":5,"f:65:27:65:35":3,"s:65:27:65:42":26,"b:75:10:75:17:75:10:75:47":6,"b:78:21:78:29:78:21:78:Infinity":7,"f:78:21:78:29":4,"s:78:21:78:Infinity":27,"b:84:8:88:64":8,"b:91:8:95:68":9,"b:102:22:102:Infinity:102:22:102:Infinity":10,"b:105:34:105:Infinity:105:34:107:21":11,"f:107:68:107:Infinity":5,"s:109:8:109:22":28,"b:109:8:109:22:109:8:109:22":12}}}
,"/Users/dheeraj/Desktop/Restaurant-Management-System-Frontend/src/views/auth/Register.vue": {"path":"/Users/dheeraj/Desktop/Restaurant-Management-System-Frontend/src/views/auth/Register.vue","statementMap":{"0":{"start":{"line":6,"column":14},"end":{"line":6,"column":26}},"1":{"start":{"line":8,"column":16},"end":{"line":12,"column":2}},"2":{"start":{"line":14,"column":17},"end":{"line":14,"column":28}},"3":{"start":{"line":15,"column":20},"end":{"line":15,"column":28}},"4":{"start":{"line":16,"column":22},"end":{"line":16,"column":30}},"5":{"start":{"line":18,"column":23},"end":{"line":36,"column":1}},"6":{"start":{"line":19,"column":4},"end":{"line":19,"column":null}},"7":{"start":{"line":20,"column":4},"end":{"line":20,"column":null}},"8":{"start":{"line":21,"column":4},"end":{"line":21,"column":null}},"9":{"start":{"line":23,"column":4},"end":{"line":35,"column":null}},"10":{"start":{"line":24,"column":25},"end":{"line":24,"column":55}},"11":{"start":{"line":25,"column":8},"end":{"line":25,"column":null}},"12":{"start":{"line":27,"column":8},"end":{"line":29,"column":null}},"13":{"start":{"line":28,"column":12},"end":{"line":28,"column":null}},"14":{"start":{"line":31,"column":8},"end":{"line":32,"column":null}},"15":{"start":{"line":34,"column":8},"end":{"line":34,"column":null}},"16":{"start":{"line":40,"column":9},"end":{"line":40,"column":null}},"17":{"start":{"line":41,"column":13},"end":{"line":41,"column":null}},"18":{"start":{"line":63,"column":23},"end":{"line":63,"column":55}},"19":{"start":{"line":67,"column":23},"end":{"line":67,"column":57}},"20":{"start":{"line":40,"column":4},"end":{"line":72,"column":null}},"21":{"start":{"line":49,"column":49},"end":{"line":49,"column":65}},"22":{"start":{"line":54,"column":47},"end":{"line":54,"column":63}},"23":{"start":{"line":59,"column":52},"end":{"line":59,"column":71}}},"fnMap":{"0":{"name":"(anonymous_0)","decl":{"start":{"line":18,"column":23},"end":{"line":18,"column":28}},"loc":{"start":{"line":18,"column":35},"end":{"line":36,"column":1}},"line":18},"1":{"name":"(anonymous_1)","decl":{"start":{"line":27,"column":19},"end":{"line":27,"column":20}},"loc":{"start":{"line":27,"column":25},"end":{"line":29,"column":9}},"line":27},"2":{"name":"(anonymous_2)","decl":{"start":{"line":49,"column":49},"end":{"line":49,"column":57}},"loc":{"start":{"line":49,"column":49},"end":{"line":49,"column":65}},"line":49},"3":{"name":"(anonymous_3)","decl":{"start":{"line":54,"column":47},"end":{"line":54,"column":55}},"loc":{"start":{"line":54,"column":47},"end":{"line":54,"column":63}},"line":54},"4":{"name":"(anonymous_4)","decl":{"start":{"line":59,"column":52},"end":{"line":59,"column":60}},"loc":{"start":{"line":59,"column":52},"end":{"line":59,"column":71}},"line":59}},"branchMap":{"0":{"loc":{"start":{"line":32,"column":12},"end":{"line":32,"column":70}},"type":"binary-expr","locations":[{"start":{"line":32,"column":12},"end":{"line":32,"column":26}},{"start":{"line":32,"column":30},"end":{"line":32,"column":70}}],"line":32},"1":{"loc":{"start":{"line":42,"column":12},"end":{"line":44,"column":17}},"type":"binary-expr","locations":[{"start":{"line":42,"column":12},"end":{"line":42,"column":16}},{"start":{"line":42,"column":12},"end":{"line":44,"column":17}}],"line":42},"2":{"loc":{"start":{"line":48,"column":20},"end":{"line":48,"column":54}},"type":"binary-expr","locations":[{"start":{"line":48,"column":20},"end":{"line":48,"column":27}},{"start":{"line":48,"column":20},"end":{"line":48,"column":54}}],"line":48},"3":{"loc":{"start":{"line":49,"column":49},"end":{"line":49,"column":65}},"type":"binary-expr","locations":[{"start":{"line":49,"column":49},"end":{"line":49,"column":57}},{"start":{"line":49,"column":49},"end":{"line":49,"column":65}}],"line":49},"4":{"loc":{"start":{"line":53,"column":20},"end":{"line":53,"column":54}},"type":"binary-expr","locations":[{"start":{"line":53,"column":20},"end":{"line":53,"column":27}},{"start":{"line":53,"column":20},"end":{"line":53,"column":54}}],"line":53},"5":{"loc":{"start":{"line":54,"column":47},"end":{"line":54,"column":63}},"type":"binary-expr","locations":[{"start":{"line":54,"column":47},"end":{"line":54,"column":55}},{"start":{"line":54,"column":47},"end":{"line":54,"column":63}}],"line":54},"6":{"loc":{"start":{"line":58,"column":20},"end":{"line":58,"column":57}},"type":"binary-expr","locations":[{"start":{"line":58,"column":20},"end":{"line":58,"column":27}},{"start":{"line":58,"column":20},"end":{"line":58,"column":57}}],"line":58},"7":{"loc":{"start":{"line":59,"column":52},"end":{"line":59,"column":71}},"type":"binary-expr","locations":[{"start":{"line":59,"column":52},"end":{"line":59,"column":60}},{"start":{"line":59,"column":52},"end":{"line":59,"column":71}}],"line":59},"8":{"loc":{"start":{"line":62,"column":27},"end":{"line":63,"column":74}},"type":"cond-expr","locations":[{"start":{"line":62,"column":16},"end":{"line":63,"column":74}}],"line":62},"9":{"loc":{"start":{"line":66,"column":27},"end":{"line":67,"column":78}},"type":"cond-expr","locations":[{"start":{"line":66,"column":16},"end":{"line":67,"column":78}}],"line":66},"10":{"loc":{"start":{"line":72,"column":23},"end":{"line":72,"column":null}},"type":"cond-expr","locations":[{"start":{"line":72,"column":32},"end":{"line":72,"column":null}},{"start":{"line":72,"column":32},"end":{"line":72,"column":null}}],"line":72}},"s":{"0":7,"1":7,"2":7,"3":7,"4":7,"5":7,"6":6,"7":6,"8":6,"9":6,"10":6,"11":1,"12":1,"13":0,"14":5,"15":6,"16":1,"17":1,"18":1,"19":1,"20":34,"21":5,"22":5,"23":5},"f":{"0":6,"1":0,"2":5,"3":5,"4":5},"b":{"0":[5,0],"1":[34,7],"2":[34,7],"3":[34,7],"4":[34,7],"5":[34,7],"6":[34,7],"7":[34,7],"8":[5],"9":[1],"10":[6,28]},"meta":{"lastBranch":11,"lastFunction":5,"lastStatement":24,"seen":{"s:6:14:6:26":0,"s:8:16:12:2":1,"s:14:17:14:28":2,"s:15:20:15:28":3,"s:16:22:16:30":4,"s:18:23:36:1":5,"f:18:23:18:28":0,"s:19:4:19:Infinity":6,"s:20:4:20:Infinity":7,"s:21:4:21:Infinity":8,"s:23:4:35:Infinity":9,"s:24:25:24:55":10,"s:25:8:25:Infinity":11,"s:27:8:29:Infinity":12,"f:27:19:27:20":1,"s:28:12:28:Infinity":13,"s:31:8:32:Infinity":14,"b:32:12:32:26:32:30:32:70":0,"s:34:8:34:Infinity":15,"s:40:9:40:Infinity":16,"s:41:13:41:Infinity":17,"s:63:23:63:55":18,"s:67:23:67:57":19,"s:40:4:72:Infinity":20,"b:42:12:42:16:42:12:44:17":1,"b:48:20:48:27:48:20:48:54":2,"b:49:49:49:57:49:49:49:65":3,"f:49:49:49:57":2,"s:49:49:49:65":21,"b:53:20:53:27:53:20:53:54":4,"b:54:47:54:55:54:47:54:63":5,"f:54:47:54:55":3,"s:54:47:54:63":22,"b:58:20:58:27:58:20:58:57":6,"b:59:52:59:60:59:52:59:71":7,"f:59:52:59:60":4,"s:59:52:59:71":23,"b:62:16:63:74":8,"b:66:16:67:78":9,"b:72:32:72:Infinity:72:32:72:Infinity":10}}}
,"/Users/dheeraj/Desktop/Restaurant-Management-System-Frontend/src/views/dashboards/chef/ChefDashboard.vue": {"path":"/Users/dheeraj/Desktop/Restaurant-Management-System-Frontend/src/views/dashboards/chef/ChefDashboard.vue","statementMap":{"0":{"start":{"line":5,"column":14},"end":{"line":5,"column":22}},"1":{"start":{"line":6,"column":15},"end":{"line":6,"column":25}},"2":{"start":{"line":8,"column":20},"end":{"line":18,"column":1}},"3":{"start":{"line":9,"column":2},"end":{"line":17,"column":null}},"4":{"start":{"line":10,"column":4},"end":{"line":10,"column":null}},"5":{"start":{"line":11,"column":17},"end":{"line":11,"column":37}},"6":{"start":{"line":12,"column":4},"end":{"line":12,"column":null}},"7":{"start":{"line":14,"column":4},"end":{"line":14,"column":null}},"8":{"start":{"line":16,"column":4},"end":{"line":16,"column":null}},"9":{"start":{"line":20,"column":13},"end":{"line":27,"column":2}},"10":{"start":{"line":21,"column":2},"end":{"line":26,"column":null}},"11":{"start":{"line":22,"column":44},"end":{"line":22,"column":69}},"12":{"start":{"line":23,"column":44},"end":{"line":23,"column":72}},"13":{"start":{"line":24,"column":40},"end":{"line":24,"column":64}},"14":{"start":{"line":25,"column":44},"end":{"line":25,"column":69}},"15":{"start":{"line":29,"column":21},"end":{"line":33,"column":2}},"16":{"start":{"line":30,"column":2},"end":{"line":32,"column":null}},"17":{"start":{"line":31,"column":4},"end":{"line":31,"column":null}},"18":{"start":{"line":32,"column":19},"end":{"line":32,"column":54}},"19":{"start":{"line":35,"column":0},"end":{"line":38,"column":null}},"20":{"start":{"line":36,"column":2},"end":{"line":36,"column":null}},"21":{"start":{"line":37,"column":2},"end":{"line":37,"column":null}},"22":{"start":{"line":43,"column":7},"end":{"line":43,"column":null}},"23":{"start":{"line":44,"column":9},"end":{"line":44,"column":null}},"24":{"start":{"line":46,"column":9},"end":{"line":46,"column":52}},"25":{"start":{"line":48,"column":9},"end":{"line":48,"column":null}},"26":{"start":{"line":49,"column":11},"end":{"line":49,"column":null}},"27":{"start":{"line":51,"column":11},"end":{"line":51,"column":47}},"28":{"start":{"line":53,"column":11},"end":{"line":53,"column":null}},"29":{"start":{"line":55,"column":11},"end":{"line":55,"column":49}},"30":{"start":{"line":57,"column":11},"end":{"line":57,"column":null}},"31":{"start":{"line":59,"column":11},"end":{"line":59,"column":48}},"32":{"start":{"line":61,"column":11},"end":{"line":61,"column":null}},"33":{"start":{"line":63,"column":11},"end":{"line":63,"column":47}},"34":{"start":{"line":66,"column":9},"end":{"line":66,"column":null}},"35":{"start":{"line":67,"column":11},"end":{"line":67,"column":null}},"36":{"start":{"line":69,"column":14},"end":{"line":69,"column":null}},"37":{"start":{"line":89,"column":15},"end":{"line":89,"column":null}},"38":{"start":{"line":90,"column":18},"end":{"line":90,"column":57}},"39":{"start":{"line":92,"column":18},"end":{"line":92,"column":31}},"40":{"start":{"line":101,"column":15},"end":{"line":101,"column":null}},"41":{"start":{"line":103,"column":17},"end":{"line":103,"column":null}},"42":{"start":{"line":105,"column":38},"end":{"line":105,"column":74}},"43":{"start":{"line":112,"column":15},"end":{"line":112,"column":null}},"44":{"start":{"line":43,"column":2},"end":{"line":118,"column":null}},"45":{"start":{"line":88,"column":8},"end":{"line":118,"column":null}},"46":{"start":{"line":104,"column":14},"end":{"line":105,"column":101}}},"fnMap":{"0":{"name":"(anonymous_0)","decl":{"start":{"line":8,"column":20},"end":{"line":8,"column":25}},"loc":{"start":{"line":8,"column":32},"end":{"line":18,"column":1}},"line":8},"1":{"name":"(anonymous_1)","decl":{"start":{"line":20,"column":23},"end":{"line":20,"column":24}},"loc":{"start":{"line":20,"column":29},"end":{"line":27,"column":1}},"line":20},"2":{"name":"(anonymous_2)","decl":{"start":{"line":22,"column":35},"end":{"line":22,"column":40}},"loc":{"start":{"line":22,"column":44},"end":{"line":22,"column":69}},"line":22},"3":{"name":"(anonymous_3)","decl":{"start":{"line":23,"column":35},"end":{"line":23,"column":40}},"loc":{"start":{"line":23,"column":44},"end":{"line":23,"column":72}},"line":23},"4":{"name":"(anonymous_4)","decl":{"start":{"line":24,"column":31},"end":{"line":24,"column":36}},"loc":{"start":{"line":24,"column":40},"end":{"line":24,"column":64}},"line":24},"5":{"name":"(anonymous_5)","decl":{"start":{"line":25,"column":35},"end":{"line":25,"column":40}},"loc":{"start":{"line":25,"column":44},"end":{"line":25,"column":69}},"line":25},"6":{"name":"(anonymous_6)","decl":{"start":{"line":29,"column":31},"end":{"line":29,"column":32}},"loc":{"start":{"line":29,"column":37},"end":{"line":33,"column":1}},"line":29},"7":{"name":"(anonymous_7)","decl":{"start":{"line":30,"column":29},"end":{"line":30,"column":34}},"loc":{"start":{"line":31,"column":4},"end":{"line":31,"column":null}},"line":31},"8":{"name":"(anonymous_8)","decl":{"start":{"line":32,"column":9},"end":{"line":32,"column":10}},"loc":{"start":{"line":32,"column":19},"end":{"line":32,"column":54}},"line":32},"9":{"name":"(anonymous_9)","decl":{"start":{"line":35,"column":10},"end":{"line":35,"column":11}},"loc":{"start":{"line":35,"column":16},"end":{"line":38,"column":1}},"line":35},"10":{"name":"(anonymous_10)","decl":{"start":{"line":88,"column":42},"end":{"line":88,"column":45}},"loc":{"start":{"line":88,"column":25},"end":{"line":118,"column":null}},"line":88},"11":{"name":"(anonymous_11)","decl":{"start":{"line":104,"column":55},"end":{"line":104,"column":58}},"loc":{"start":{"line":104,"column":39},"end":{"line":105,"column":101}},"line":104}},"branchMap":{"0":{"loc":{"start":{"line":31,"column":4},"end":{"line":31,"column":null}},"type":"binary-expr","locations":[{"start":{"line":31,"column":4},"end":{"line":31,"column":29}},{"start":{"line":31,"column":33},"end":{"line":31,"column":null}}],"line":31},"1":{"loc":{"start":{"line":45,"column":6},"end":{"line":45,"column":84}},"type":"binary-expr","locations":[{"start":{"line":45,"column":6},"end":{"line":45,"column":10}},{"start":{"line":45,"column":6},"end":{"line":45,"column":84}}],"line":45},"2":{"loc":{"start":{"line":50,"column":8},"end":{"line":50,"column":58}},"type":"binary-expr","locations":[{"start":{"line":50,"column":8},"end":{"line":50,"column":11}},{"start":{"line":50,"column":8},"end":{"line":50,"column":58}}],"line":50},"3":{"loc":{"start":{"line":54,"column":8},"end":{"line":54,"column":57}},"type":"binary-expr","locations":[{"start":{"line":54,"column":8},"end":{"line":54,"column":11}},{"start":{"line":54,"column":8},"end":{"line":54,"column":57}}],"line":54},"4":{"loc":{"start":{"line":58,"column":8},"end":{"line":58,"column":62}},"type":"binary-expr","locations":[{"start":{"line":58,"column":8},"end":{"line":58,"column":11}},{"start":{"line":58,"column":8},"end":{"line":58,"column":62}}],"line":58},"5":{"loc":{"start":{"line":62,"column":8},"end":{"line":62,"column":57}},"type":"binary-expr","locations":[{"start":{"line":62,"column":8},"end":{"line":62,"column":11}},{"start":{"line":62,"column":8},"end":{"line":62,"column":57}}],"line":62},"6":{"loc":{"start":{"line":68,"column":8},"end":{"line":68,"column":79}},"type":"binary-expr","locations":[{"start":{"line":68,"column":8},"end":{"line":68,"column":12}},{"start":{"line":68,"column":8},"end":{"line":68,"column":79}}],"line":68},"7":{"loc":{"start":{"line":73,"column":17},"end":{"line":118,"column":null}},"type":"cond-expr","locations":[{"start":{"line":73,"column":6},"end":{"line":76,"column":75}},{"start":{"line":78,"column":22},"end":{"line":118,"column":null}}],"line":73},"8":{"loc":{"start":{"line":77,"column":12},"end":{"line":76,"column":75}},"type":"binary-expr","locations":[{"start":{"line":77,"column":12},"end":{"line":77,"column":null}},{"start":{"line":77,"column":12},"end":{"line":76,"column":75}}],"line":77},"9":{"loc":{"start":{"line":78,"column":22},"end":{"line":118,"column":null}},"type":"cond-expr","locations":[{"start":{"line":78,"column":6},"end":{"line":85,"column":75}},{"start":{"line":87,"column":6},"end":{"line":118,"column":null}}],"line":78},"10":{"loc":{"start":{"line":86,"column":12},"end":{"line":85,"column":75}},"type":"binary-expr","locations":[{"start":{"line":86,"column":12},"end":{"line":86,"column":null}},{"start":{"line":86,"column":12},"end":{"line":85,"column":75}}],"line":86},"11":{"loc":{"start":{"line":91,"column":12},"end":{"line":91,"column":65}},"type":"binary-expr","locations":[{"start":{"line":91,"column":12},"end":{"line":91,"column":18}},{"start":{"line":91,"column":12},"end":{"line":91,"column":65}}],"line":91},"12":{"loc":{"start":{"line":102,"column":12},"end":{"line":102,"column":94}},"type":"binary-expr","locations":[{"start":{"line":102,"column":12},"end":{"line":102,"column":18}},{"start":{"line":102,"column":12},"end":{"line":102,"column":94}}],"line":102},"13":{"loc":{"start":{"line":107,"column":27},"end":{"line":109,"column":21}},"type":"cond-expr","locations":[{"start":{"line":107,"column":14},"end":{"line":109,"column":21}}],"line":107},"14":{"loc":{"start":{"line":107,"column":27},"end":{"line":107,"column":68}},"type":"binary-expr","locations":[{"start":{"line":107,"column":27},"end":{"line":107,"column":38}},{"start":{"line":107,"column":42},"end":{"line":107,"column":68}}],"line":107},"15":{"loc":{"start":{"line":113,"column":12},"end":{"line":116,"column":66}},"type":"binary-expr","locations":[{"start":{"line":113,"column":12},"end":{"line":113,"column":17}},{"start":{"line":113,"column":12},"end":{"line":116,"column":66}}],"line":113}},"s":{"0":9,"1":9,"2":9,"3":10,"4":10,"5":10,"6":8,"7":1,"8":9,"9":9,"10":16,"11":12,"12":12,"13":12,"14":12,"15":9,"16":16,"17":12,"18":7,"19":9,"20":9,"21":9,"22":1,"23":1,"24":1,"25":1,"26":1,"27":1,"28":1,"29":1,"30":1,"31":1,"32":1,"33":1,"34":1,"35":1,"36":1,"37":1,"38":1,"39":1,"40":1,"41":1,"42":1,"43":1,"44":19,"45":9,"46":10},"f":{"0":10,"1":16,"2":12,"3":12,"4":12,"5":12,"6":16,"7":12,"8":7,"9":9,"10":9,"11":10},"b":{"0":[12,5],"1":[19,9],"2":[19,9],"3":[19,9],"4":[19,9],"5":[19,9],"6":[19,9],"7":[10,9],"8":[10,9],"9":[5,4],"10":[5,4],"11":[9,4],"12":[9,4],"13":[0],"14":[9,9],"15":[9,4]},"meta":{"lastBranch":16,"lastFunction":12,"lastStatement":47,"seen":{"s:5:14:5:22":0,"s:6:15:6:25":1,"s:8:20:18:1":2,"f:8:20:8:25":0,"s:9:2:17:Infinity":3,"s:10:4:10:Infinity":4,"s:11:17:11:37":5,"s:12:4:12:Infinity":6,"s:14:4:14:Infinity":7,"s:16:4:16:Infinity":8,"s:20:13:27:2":9,"f:20:23:20:24":1,"s:21:2:26:Infinity":10,"f:22:35:22:40":2,"s:22:44:22:69":11,"f:23:35:23:40":3,"s:23:44:23:72":12,"f:24:31:24:36":4,"s:24:40:24:64":13,"f:25:35:25:40":5,"s:25:44:25:69":14,"s:29:21:33:2":15,"f:29:31:29:32":6,"s:30:2:32:Infinity":16,"f:30:29:30:34":7,"s:31:4:31:Infinity":17,"b:31:4:31:29:31:33:31:Infinity":0,"f:32:9:32:10":8,"s:32:19:32:54":18,"s:35:0:38:Infinity":19,"f:35:10:35:11":9,"s:36:2:36:Infinity":20,"s:37:2:37:Infinity":21,"s:43:7:43:Infinity":22,"s:44:9:44:Infinity":23,"s:46:9:46:52":24,"s:48:9:48:Infinity":25,"s:49:11:49:Infinity":26,"s:51:11:51:47":27,"s:53:11:53:Infinity":28,"s:55:11:55:49":29,"s:57:11:57:Infinity":30,"s:59:11:59:48":31,"s:61:11:61:Infinity":32,"s:63:11:63:47":33,"s:66:9:66:Infinity":34,"s:67:11:67:Infinity":35,"s:69:14:69:Infinity":36,"s:89:15:89:Infinity":37,"s:90:18:90:57":38,"s:92:18:92:31":39,"s:101:15:101:Infinity":40,"s:103:17:103:Infinity":41,"s:105:38:105:74":42,"s:112:15:112:Infinity":43,"s:43:2:118:Infinity":44,"b:45:6:45:10:45:6:45:84":1,"b:50:8:50:11:50:8:50:58":2,"b:54:8:54:11:54:8:54:57":3,"b:58:8:58:11:58:8:58:62":4,"b:62:8:62:11:62:8:62:57":5,"b:68:8:68:12:68:8:68:79":6,"b:73:6:76:75:78:22:118:Infinity":7,"b:77:12:77:Infinity:77:12:76:75":8,"b:78:6:85:75:87:6:118:Infinity":9,"b:86:12:86:Infinity:86:12:85:75":10,"f:88:42:88:45":10,"s:88:8:118:Infinity":45,"b:91:12:91:18:91:12:91:65":11,"b:102:12:102:18:102:12:102:94":12,"f:104:55:104:58":11,"s:104:14:105:101":46,"b:107:14:109:21":13,"b:107:27:107:38:107:42:107:68":14,"b:113:12:113:17:113:12:116:66":15}}}
}
